SF:lib\src\common\formatting_utils.dart
DA:3,1
DA:5,2
DA:6,3
DA:9,1
DA:13,3
DA:16,1
DA:17,4
DA:19,1
DA:20,1
DA:21,1
DA:23,1
DA:24,1
DA:26,1
LF:13
LH:13
end_of_record
SF:lib\src\domain\entities\genre.dart
DA:4,24
DA:12,3
DA:13,9
LF:3
LH:3
end_of_record
SF:lib\src\common\constants.dart
DA:29,0
DA:31,0
DA:33,0
DA:35,0
DA:39,0
LF:5
LH:0
end_of_record
SF:lib\src\common\ssl_pinning\shared.dart
DA:10,1
DA:11,1
DA:14,1
DA:17,1
DA:21,0
DA:22,0
DA:23,0
DA:24,0
DA:26,0
DA:27,0
DA:31,1
DA:32,0
DA:33,0
DA:34,0
DA:35,0
DA:37,0
DA:41,0
DA:45,1
DA:46,1
DA:47,0
DA:52,1
DA:54,3
LF:22
LH:9
end_of_record
SF:lib\src\data\models\genre_model.dart
DA:5,20
DA:13,6
DA:14,3
DA:15,3
DA:18,2
DA:19,1
DA:20,1
DA:23,8
DA:24,24
DA:27,3
DA:28,9
LF:11
LH:11
end_of_record
SF:lib\src\data\models\movie_table.dart
DA:11,17
DA:18,2
DA:19,1
DA:20,1
DA:21,1
DA:22,1
DA:25,2
DA:26,1
DA:27,1
DA:28,1
DA:29,1
DA:32,2
DA:33,1
DA:34,1
DA:35,1
DA:36,1
DA:39,2
DA:40,1
DA:41,1
DA:42,1
DA:43,1
DA:46,2
DA:47,10
LF:23
LH:23
end_of_record
SF:lib\src\data\models\season_model.dart
DA:5,18
DA:22,4
DA:23,2
DA:24,2
DA:25,2
DA:26,2
DA:27,2
DA:28,2
DA:29,2
DA:32,2
DA:33,1
DA:34,1
DA:35,1
DA:36,1
DA:37,1
DA:38,1
DA:39,1
DA:42,14
DA:43,7
DA:44,7
DA:45,7
DA:46,7
DA:49,2
DA:51,16
LF:24
LH:24
end_of_record
SF:lib\src\data\models\tv_show_detail_model.dart
DA:8,18
DA:52,2
DA:53,2
DA:54,2
DA:55,8
DA:56,2
DA:57,2
DA:58,6
DA:59,2
DA:60,2
DA:61,2
DA:62,2
DA:63,2
DA:64,2
DA:65,2
DA:66,2
DA:67,4
DA:68,2
DA:69,2
DA:70,6
DA:71,2
DA:72,2
DA:73,2
DA:74,4
DA:75,2
DA:78,2
DA:79,1
DA:80,1
DA:81,1
DA:82,3
DA:83,1
DA:84,1
DA:85,1
DA:86,1
DA:87,1
DA:88,1
DA:89,1
DA:90,1
DA:91,1
DA:92,1
DA:93,3
DA:94,1
DA:95,1
DA:96,1
DA:97,1
DA:98,1
DA:101,14
DA:102,7
DA:103,7
DA:104,7
DA:105,33
DA:106,7
DA:107,7
DA:108,7
DA:109,7
DA:110,7
DA:111,7
DA:112,33
DA:113,7
DA:114,7
DA:117,2
DA:118,2
DA:119,2
DA:120,2
DA:121,2
DA:122,2
DA:123,2
DA:124,2
DA:125,2
DA:126,2
DA:127,2
DA:128,2
DA:129,2
DA:130,2
DA:131,2
DA:132,2
DA:133,2
DA:134,2
DA:135,2
DA:136,2
DA:137,2
DA:138,2
LF:82
LH:82
end_of_record
SF:lib\src\data\models\tv_show_model.dart
DA:5,17
DA:34,4
DA:35,2
DA:36,2
DA:37,8
DA:38,2
DA:39,2
DA:40,8
DA:41,2
DA:42,2
DA:43,2
DA:44,4
DA:45,2
DA:46,4
DA:47,2
DA:50,2
DA:51,1
DA:52,1
DA:53,1
DA:54,1
DA:55,1
DA:56,1
DA:57,1
DA:58,1
DA:59,1
DA:60,1
DA:61,1
DA:62,1
DA:63,1
DA:66,6
DA:67,3
DA:68,3
DA:69,3
DA:70,3
DA:71,3
DA:72,3
DA:73,3
DA:74,3
DA:75,3
DA:76,3
DA:77,3
DA:78,3
DA:79,3
DA:82,2
DA:83,2
DA:84,2
DA:85,2
DA:86,2
DA:87,2
DA:88,2
DA:89,2
DA:90,2
DA:91,2
DA:92,2
DA:93,2
DA:94,2
DA:95,2
DA:96,2
LF:58
LH:58
end_of_record
SF:lib\src\data\models\tv_show_response.dart
DA:7,2
DA:9,4
DA:10,4
DA:11,6
DA:12,6
DA:15,2
DA:16,5
DA:19,1
DA:20,2
LF:9
LH:9
end_of_record
SF:lib\src\data\models\tv_show_table.dart
DA:6,3
DA:18,6
DA:19,3
DA:20,3
DA:21,3
DA:22,3
DA:25,2
DA:26,1
DA:27,1
DA:28,1
DA:29,1
DA:32,4
DA:33,2
DA:34,2
DA:35,2
DA:36,2
DA:39,2
DA:40,1
DA:41,1
DA:42,1
DA:43,1
DA:46,2
DA:47,2
DA:48,2
DA:49,2
DA:50,2
DA:51,2
LF:27
LH:27
end_of_record
SF:lib\src\domain\entities\movie.dart
DA:4,19
DA:20,16
DA:50,2
DA:51,2
DA:52,2
DA:53,2
DA:54,2
DA:55,2
DA:56,2
DA:57,2
DA:58,2
DA:59,2
DA:60,2
DA:61,2
DA:62,2
DA:63,2
DA:64,2
LF:17
LH:17
end_of_record
SF:lib\src\domain\entities\movie_detail.dart
DA:5,17
DA:33,2
DA:34,2
DA:35,2
DA:36,2
DA:37,2
DA:38,2
DA:39,2
DA:40,2
DA:41,2
DA:42,2
DA:43,2
DA:44,2
DA:45,2
LF:14
LH:14
end_of_record
SF:lib\src\domain\entities\tv_show.dart
DA:4,3
DA:20,1
DA:50,2
DA:51,2
DA:52,2
DA:53,2
DA:54,2
DA:55,2
DA:56,2
DA:57,2
DA:58,2
DA:59,2
DA:60,2
DA:61,2
DA:62,2
DA:63,2
DA:64,2
LF:17
LH:17
end_of_record
SF:lib\src\common\failure.dart
DA:6,6
DA:8,2
DA:9,4
DA:13,4
DA:17,4
DA:21,6
DA:25,0
LF:7
LH:6
end_of_record
SF:lib\src\data\datasources\db\database_helper.dart
DA:10,0
DA:14,0
DA:18,0
DA:19,0
DA:26,0
DA:27,0
DA:28,0
DA:30,0
DA:34,0
DA:35,0
DA:42,0
DA:44,0
DA:51,0
DA:54,0
DA:55,0
DA:56,0
DA:59,0
DA:60,0
DA:61,0
DA:64,0
DA:65,0
DA:66,0
DA:69,0
DA:73,0
DA:74,0
DA:75,0
DA:78,0
DA:82,0
DA:83,0
DA:84,0
DA:87,0
DA:90,0
DA:91,0
DA:97,0
DA:98,0
DA:99,0
DA:102,0
DA:105,0
DA:106,0
DA:112,0
DA:113,0
DA:115,0
DA:120,0
DA:121,0
DA:123,0
LF:45
LH:0
end_of_record
SF:lib\src\data\datasources\movie_local_data_source.dart
DA:19,1
DA:22,1
DA:24,3
DA:27,2
DA:32,1
DA:34,3
DA:37,2
DA:42,1
DA:43,3
DA:45,1
DA:52,1
DA:53,3
DA:54,4
LF:13
LH:13
end_of_record
SF:lib\src\data\datasources\movie_remote_data_source.dart
DA:27,1
DA:30,1
DA:32,5
DA:34,2
DA:35,4
DA:37,1
DA:42,1
DA:43,5
DA:45,2
DA:46,3
DA:48,1
DA:53,1
DA:54,2
DA:55,3
DA:57,2
DA:58,4
DA:60,1
DA:65,1
DA:67,5
DA:69,2
DA:70,4
DA:72,1
DA:77,1
DA:79,5
DA:81,2
DA:82,4
DA:84,1
DA:89,1
DA:90,2
DA:91,3
DA:93,2
DA:94,4
DA:96,1
LF:33
LH:33
end_of_record
SF:lib\src\data\datasources\tv_show_local_data_source.dart
DA:19,1
DA:22,1
DA:23,3
DA:25,1
DA:32,1
DA:33,3
DA:34,4
DA:38,1
DA:40,3
DA:43,2
DA:48,1
DA:50,3
DA:53,2
LF:13
LH:13
end_of_record
SF:lib\src\data\datasources\tv_show_remote_data_source.dart
DA:27,1
DA:30,1
DA:32,5
DA:34,2
DA:35,4
DA:37,1
DA:42,1
DA:43,5
DA:45,2
DA:46,4
DA:48,1
DA:53,1
DA:54,5
DA:56,2
DA:57,3
DA:59,1
DA:64,1
DA:66,5
DA:68,2
DA:69,4
DA:71,1
DA:76,1
DA:78,5
DA:80,2
DA:81,4
DA:83,1
DA:88,1
DA:90,5
DA:92,2
DA:93,4
DA:95,1
LF:31
LH:31
end_of_record
SF:lib\src\data\models\movie_detail_model.dart
DA:6,4
DA:52,2
DA:53,2
DA:54,2
DA:55,2
DA:56,2
DA:57,2
DA:58,6
DA:59,2
DA:60,2
DA:61,2
DA:62,2
DA:63,2
DA:64,2
DA:65,4
DA:66,2
DA:67,2
DA:68,2
DA:69,2
DA:70,2
DA:71,2
DA:72,2
DA:73,2
DA:74,4
DA:75,2
DA:78,2
DA:79,1
DA:80,1
DA:81,1
DA:82,3
DA:83,1
DA:84,1
DA:85,1
DA:86,1
DA:87,1
DA:88,1
DA:89,1
DA:90,1
DA:91,1
DA:92,1
DA:93,1
DA:94,1
DA:95,1
DA:96,1
DA:97,1
DA:98,1
DA:99,1
DA:102,2
DA:103,2
DA:104,2
DA:105,2
DA:106,8
DA:107,2
DA:108,2
DA:109,2
DA:110,2
DA:111,2
DA:112,2
DA:113,2
DA:114,2
DA:115,2
DA:119,2
DA:120,2
DA:121,2
DA:122,2
DA:123,2
DA:124,2
DA:125,2
DA:126,2
DA:127,2
DA:128,2
DA:129,2
DA:130,2
DA:131,2
DA:132,2
DA:133,2
DA:134,2
DA:135,2
DA:136,2
DA:137,2
DA:138,2
DA:139,2
DA:140,2
DA:141,2
LF:84
LH:84
end_of_record
SF:lib\src\data\models\movie_model.dart
DA:5,5
DA:35,4
DA:36,2
DA:37,2
DA:38,8
DA:39,2
DA:40,2
DA:41,2
DA:42,4
DA:43,2
DA:44,2
DA:45,2
DA:46,2
DA:47,4
DA:48,2
DA:51,2
DA:52,1
DA:53,1
DA:54,4
DA:55,1
DA:56,1
DA:57,1
DA:58,1
DA:59,1
DA:60,1
DA:61,1
DA:62,1
DA:63,1
DA:64,1
DA:67,2
DA:68,2
DA:69,2
DA:70,2
DA:71,2
DA:72,2
DA:73,2
DA:74,2
DA:75,2
DA:76,2
DA:77,2
DA:78,2
DA:79,2
DA:80,2
DA:81,2
DA:85,2
DA:86,2
DA:87,2
DA:88,2
DA:89,2
DA:90,2
DA:91,2
DA:92,2
DA:93,2
DA:94,2
DA:95,2
DA:96,2
DA:97,2
DA:98,2
DA:99,2
LF:59
LH:59
end_of_record
SF:lib\src\domain\entities\tv_show_detail.dart
DA:6,7
DA:36,2
DA:37,2
DA:38,2
DA:39,2
DA:40,2
DA:41,2
DA:42,2
DA:43,2
DA:44,2
DA:45,2
DA:46,2
DA:47,2
DA:48,2
DA:49,2
DA:50,2
LF:16
LH:16
end_of_record
SF:lib\src\common\exception.dart
DA:6,4
LF:1
LH:1
end_of_record
SF:lib\src\data\models\movie_response.dart
DA:7,3
DA:9,4
DA:10,4
DA:11,6
DA:12,6
DA:15,2
DA:16,5
DA:19,1
DA:20,2
LF:9
LH:9
end_of_record
SF:lib\src\domain\entities\season.dart
DA:4,7
DA:16,2
DA:17,10
LF:3
LH:3
end_of_record
SF:lib\src\data\repositories\movie_repository_impl.dart
DA:17,1
DA:23,1
DA:25,3
DA:26,5
DA:27,1
DA:29,1
DA:30,0
DA:31,1
DA:37,1
DA:39,3
DA:40,2
DA:41,1
DA:43,1
DA:44,0
DA:45,1
DA:51,1
DA:53,3
DA:54,3
DA:55,1
DA:57,1
DA:58,0
DA:59,1
DA:65,1
DA:67,3
DA:68,5
DA:69,1
DA:71,1
DA:72,0
DA:73,1
DA:79,1
DA:81,3
DA:82,5
DA:83,1
DA:85,1
DA:86,0
DA:87,1
DA:93,1
DA:95,3
DA:96,5
DA:97,1
DA:99,1
DA:100,0
DA:101,1
DA:107,1
DA:110,4
DA:111,1
DA:112,1
DA:113,3
DA:120,1
DA:123,4
DA:124,1
DA:125,1
DA:126,3
DA:131,1
DA:132,3
DA:137,1
DA:138,3
DA:139,5
LF:58
LH:52
end_of_record
SF:lib\src\data\repositories\tv_show_repository_impl.dart
DA:14,1
DA:23,1
DA:25,3
DA:26,5
DA:27,1
DA:29,1
DA:30,0
DA:31,1
DA:37,1
DA:39,3
DA:40,5
DA:41,1
DA:43,1
DA:44,0
DA:45,1
DA:51,1
DA:53,3
DA:54,2
DA:55,1
DA:57,1
DA:58,0
DA:59,1
DA:65,1
DA:67,3
DA:68,5
DA:69,1
DA:71,1
DA:72,0
DA:73,1
DA:79,1
DA:81,3
DA:82,5
DA:83,1
DA:85,1
DA:86,0
DA:87,1
DA:93,1
DA:95,3
DA:96,5
DA:97,1
DA:99,1
DA:100,0
DA:101,1
DA:107,1
DA:108,3
DA:109,5
DA:113,1
DA:114,3
DA:119,1
DA:122,4
DA:123,1
DA:124,1
DA:125,3
DA:130,1
DA:133,4
DA:134,1
DA:135,1
DA:136,3
LF:58
LH:52
end_of_record
SF:lib\src\domain\usecases\movie\get_movie_detail.dart
DA:9,1
DA:11,1
DA:12,2
LF:3
LH:3
end_of_record
SF:lib\src\domain\usecases\movie\get_movie_recommendations.dart
DA:9,1
DA:11,1
DA:12,2
LF:3
LH:3
end_of_record
SF:lib\src\domain\usecases\movie\get_now_playing_movies.dart
DA:9,1
DA:11,1
DA:12,2
LF:3
LH:3
end_of_record
SF:lib\src\domain\usecases\movie\get_popular_movies.dart
DA:9,1
DA:11,1
DA:12,2
LF:3
LH:3
end_of_record
SF:lib\src\domain\usecases\movie\get_top_rated_movies.dart
DA:9,1
DA:11,1
DA:12,2
LF:3
LH:3
end_of_record
SF:lib\src\domain\usecases\movie\get_watchlist_movies.dart
DA:9,1
DA:11,1
DA:12,2
LF:3
LH:3
end_of_record
SF:lib\src\domain\usecases\movie\get_watchlist_status_movie.dart
DA:6,1
DA:8,1
DA:9,2
LF:3
LH:3
end_of_record
SF:lib\src\domain\usecases\movie\remove_watchlist_movie.dart
DA:9,1
DA:11,1
DA:12,2
LF:3
LH:3
end_of_record
SF:lib\src\domain\usecases\movie\save_watchlist_movie.dart
DA:9,1
DA:11,1
DA:12,2
LF:3
LH:3
end_of_record
SF:lib\src\domain\usecases\movie\search_movies.dart
DA:9,1
DA:11,1
DA:12,2
LF:3
LH:3
end_of_record
SF:lib\src\domain\usecases\tv_show\get_now_playing_tv_shows.dart
DA:9,1
DA:11,1
DA:12,2
LF:3
LH:3
end_of_record
SF:lib\src\domain\usecases\tv_show\get_popular_tv_shows.dart
DA:9,1
DA:11,1
DA:12,2
LF:3
LH:3
end_of_record
SF:lib\src\domain\usecases\tv_show\get_top_rated_tv_shows.dart
DA:9,1
DA:11,1
DA:12,2
LF:3
LH:3
end_of_record
SF:lib\src\domain\usecases\tv_show\get_tv_show_detail.dart
DA:9,1
DA:11,1
DA:12,2
LF:3
LH:3
end_of_record
SF:lib\src\domain\usecases\tv_show\get_tv_show_recommendations.dart
DA:9,1
DA:11,1
DA:12,2
LF:3
LH:3
end_of_record
SF:lib\src\domain\usecases\tv_show\get_watchlist_status_tv_show.dart
DA:6,1
DA:8,1
DA:9,2
LF:3
LH:3
end_of_record
SF:lib\src\domain\usecases\tv_show\get_watchlist_tv_shows.dart
DA:9,1
DA:11,1
DA:12,2
LF:3
LH:3
end_of_record
SF:lib\src\domain\usecases\tv_show\remove_watchlist_tv_show.dart
DA:9,1
DA:11,1
DA:12,2
LF:3
LH:3
end_of_record
SF:lib\src\domain\usecases\tv_show\save_watchlist_tv_show.dart
DA:9,1
DA:11,1
DA:12,2
LF:3
LH:3
end_of_record
SF:lib\src\domain\usecases\tv_show\search_tv_shows.dart
DA:9,1
DA:11,1
DA:12,2
LF:3
LH:3
end_of_record
