SF:lib\src\presentation\bloc\popular_tv_shows\popular_tv_shows_bloc.dart
DA:15,3
DA:16,2
DA:19,1
DA:23,2
DA:25,3
DA:27,1
DA:28,1
DA:29,3
DA:31,1
DA:32,1
DA:33,2
DA:34,2
LF:12
LH:12
end_of_record
SF:lib\src\presentation\bloc\popular_tv_shows\popular_tv_shows_state.dart
DA:7,1
DA:8,1
DA:12,1
DA:13,1
DA:19,3
DA:21,1
DA:22,2
DA:28,3
DA:30,1
DA:31,2
LF:10
LH:10
end_of_record
SF:lib\src\presentation\bloc\popular_tv_shows\popular_tv_shows_event.dart
DA:7,1
DA:8,1
LF:2
LH:2
end_of_record
SF:lib\src\presentation\bloc\now_playing_tv_shows\now_playing_tv_shows_state.dart
DA:7,1
DA:8,1
DA:12,1
DA:13,1
DA:19,2
DA:21,1
DA:22,2
DA:28,2
DA:30,1
DA:31,2
LF:10
LH:10
end_of_record
SF:lib\src\presentation\bloc\now_playing_tv_shows\now_playing_tv_shows_event.dart
DA:7,1
DA:8,1
LF:2
LH:2
end_of_record
SF:lib\src\presentation\bloc\now_playing_tv_shows\now_playing_tv_shows_bloc.dart
DA:15,1
DA:17,2
DA:18,2
DA:21,1
DA:23,2
DA:25,3
DA:27,1
DA:28,1
DA:29,3
DA:31,1
DA:32,1
DA:33,2
DA:34,2
LF:13
LH:13
end_of_record
SF:lib\src\presentation\bloc\top_rated_tv_shows\top_rated_tv_shows_state.dart
DA:7,1
DA:8,1
DA:12,1
DA:13,1
DA:19,3
DA:21,1
DA:22,2
DA:28,3
DA:30,1
DA:31,2
LF:10
LH:10
end_of_record
SF:lib\src\presentation\bloc\top_rated_tv_shows\top_rated_tv_shows_bloc.dart
DA:15,1
DA:16,2
DA:17,2
DA:20,1
DA:24,2
DA:26,3
DA:28,1
DA:29,1
DA:30,3
DA:32,1
DA:33,1
DA:34,2
DA:35,2
LF:13
LH:13
end_of_record
SF:lib\src\presentation\bloc\top_rated_tv_shows\top_rated_tv_shows_event.dart
DA:7,1
DA:8,1
LF:2
LH:2
end_of_record
SF:lib\src\presentation\bloc\tv_show_detail\tv_show_detail_event.dart
DA:9,2
DA:11,1
DA:12,2
LF:3
LH:3
end_of_record
SF:lib\src\presentation\bloc\tv_show_detail\tv_show_detail_state.dart
DA:7,1
DA:8,1
DA:12,1
DA:13,1
DA:19,1
DA:21,1
DA:22,2
DA:28,2
DA:30,1
DA:31,2
LF:10
LH:10
end_of_record
SF:lib\src\presentation\bloc\tv_show_detail\tv_show_detail_bloc.dart
DA:14,3
DA:15,2
DA:18,1
DA:22,1
DA:24,2
DA:26,3
DA:28,1
DA:29,1
DA:30,3
DA:32,1
DA:33,2
LF:11
LH:11
end_of_record
SF:lib\src\presentation\bloc\tv_show_recommendations\tv_show_recommendations_event.dart
DA:9,2
DA:11,1
DA:12,2
LF:3
LH:3
end_of_record
SF:lib\src\presentation\bloc\tv_show_recommendations\tv_show_recommendations_state.dart
DA:7,1
DA:8,1
DA:12,1
DA:13,1
DA:19,1
DA:21,1
DA:22,2
DA:28,2
DA:30,1
DA:31,2
LF:10
LH:10
end_of_record
SF:lib\src\presentation\bloc\tv_show_recommendations\tv_show_recommendations_bloc.dart
DA:15,1
DA:16,2
DA:17,2
DA:20,1
DA:24,1
DA:25,2
DA:27,3
DA:29,1
DA:30,1
DA:31,3
DA:33,1
DA:34,1
DA:35,2
DA:36,2
LF:14
LH:14
end_of_record
SF:lib\src\presentation\bloc\watchlist_tv_shows\watchlist_tv_shows_state.dart
DA:7,1
DA:8,1
DA:12,1
DA:13,1
DA:17,1
DA:18,1
DA:24,1
DA:26,1
DA:27,2
DA:33,3
DA:35,1
DA:36,2
DA:42,2
DA:44,1
DA:45,2
DA:51,1
DA:53,1
DA:54,2
LF:18
LH:18
end_of_record
SF:lib\src\presentation\bloc\watchlist_tv_shows\watchlist_tv_shows_event.dart
DA:7,1
DA:8,1
DA:14,2
DA:16,1
DA:17,2
DA:23,1
DA:25,1
DA:26,2
DA:32,1
DA:34,1
DA:35,2
LF:11
LH:11
end_of_record
SF:lib\src\presentation\bloc\watchlist_tv_shows\watchlist_tv_shows_bloc.dart
DA:25,1
DA:30,2
DA:31,2
DA:32,2
DA:33,2
DA:34,2
DA:37,1
DA:41,2
DA:43,3
DA:45,1
DA:46,1
DA:47,3
DA:49,1
DA:50,1
DA:51,2
DA:52,2
DA:57,1
DA:61,1
DA:63,3
DA:65,2
DA:68,1
DA:72,1
DA:74,3
DA:76,1
DA:77,1
DA:78,3
DA:80,1
DA:81,2
DA:86,1
DA:90,1
DA:92,3
DA:94,1
DA:95,1
DA:96,3
DA:98,1
DA:99,2
LF:36
LH:36
end_of_record
SF:lib\src\presentation\pages\home_tv_show_page.dart
DA:22,1
DA:24,1
DA:25,1
DA:29,1
DA:31,1
DA:32,2
DA:33,4
DA:34,4
DA:35,4
DA:39,1
DA:41,1
DA:43,1
DA:44,1
DA:46,1
DA:47,1
DA:49,1
DA:51,1
DA:53,1
DA:54,1
DA:58,1
DA:59,1
DA:60,1
DA:72,1
DA:74,0
DA:75,0
DA:77,1
DA:79,1
DA:80,1
DA:84,1
DA:85,1
DA:86,1
DA:97,1
DA:99,0
DA:100,0
DA:103,1
DA:105,1
DA:106,1
DA:110,1
DA:111,1
DA:112,1
DA:134,1
DA:138,1
DA:140,1
DA:142,1
DA:144,1
DA:146,1
DA:147,2
DA:148,1
DA:149,3
DA:155,2
LF:50
LH:46
end_of_record
SF:lib\src\presentation\pages\popular_tv_shows_page.dart
DA:10,1
DA:12,1
DA:13,1
DA:17,1
DA:19,1
DA:20,1
DA:21,5
DA:24,1
DA:26,1
DA:27,1
DA:30,1
DA:32,1
DA:34,1
DA:35,1
DA:39,1
DA:40,1
DA:42,1
DA:43,1
DA:44,1
DA:46,1
DA:53,1
DA:56,1
DA:58,2
LF:23
LH:23
end_of_record
SF:lib\src\presentation\pages\top_rated_tv_shows_page.dart
DA:10,1
DA:12,1
DA:13,1
DA:17,1
DA:19,1
DA:20,2
DA:21,2
DA:22,2
DA:25,1
DA:27,1
DA:28,1
DA:31,1
DA:33,1
DA:35,1
DA:36,1
DA:40,1
DA:41,1
DA:43,1
DA:44,1
DA:45,1
DA:47,1
DA:54,1
DA:57,1
DA:59,2
LF:24
LH:24
end_of_record
SF:lib\src\presentation\pages\tv_show_detail_page.dart
DA:27,1
DA:31,1
DA:32,1
DA:36,1
DA:38,1
DA:39,2
DA:40,6
DA:41,1
DA:42,1
DA:43,4
DA:44,6
DA:48,1
DA:50,1
DA:51,3
DA:52,2
DA:55,1
DA:56,1
DA:57,1
DA:59,1
DA:60,1
DA:64,1
DA:65,1
DA:66,1
DA:85,1
DA:89,1
DA:91,1
DA:92,1
DA:96,1
DA:98,1
DA:99,4
DA:100,1
DA:101,1
DA:102,3
DA:103,1
DA:105,1
DA:106,0
DA:107,0
DA:109,0
DA:110,0
DA:113,0
DA:114,0
DA:117,0
DA:120,0
DA:121,0
DA:122,0
DA:126,0
DA:131,0
DA:132,0
DA:133,0
DA:134,0
DA:136,0
DA:138,0
DA:139,0
DA:140,0
DA:145,0
DA:146,0
DA:147,0
DA:150,1
DA:152,1
DA:153,2
DA:162,1
DA:163,4
DA:165,1
DA:166,4
DA:167,0
DA:170,1
DA:171,1
DA:172,1
DA:173,4
DA:175,1
DA:181,5
DA:185,1
DA:186,5
DA:188,1
DA:189,5
DA:192,1
DA:194,1
DA:196,1
DA:197,7
DA:200,1
DA:202,1
DA:204,1
DA:206,1
DA:207,1
DA:211,1
DA:212,1
DA:214,1
DA:217,1
DA:219,1
DA:220,1
DA:221,1
DA:223,1
DA:224,0
DA:225,0
DA:228,0
DA:231,1
DA:235,1
DA:236,2
DA:237,1
DA:244,0
DA:251,1
DA:260,1
DA:262,1
DA:264,4
DA:265,1
DA:268,1
DA:270,1
DA:271,4
DA:273,1
DA:275,1
DA:279,1
DA:280,1
DA:281,1
DA:282,0
DA:294,1
DA:296,2
DA:297,1
DA:300,0
DA:303,1
DA:304,1
DA:305,1
DA:308,1
DA:311,1
DA:312,2
DA:313,2
DA:321,4
LF:126
LH:97
end_of_record
SF:lib\src\presentation\pages\watchlist_tv_shows_page.dart
DA:16,1
DA:18,1
DA:19,1
DA:24,1
DA:26,1
DA:27,2
DA:28,4
DA:32,1
DA:34,1
DA:35,4
DA:38,0
DA:40,0
DA:43,1
DA:45,1
DA:47,1
DA:48,1
DA:49,1
DA:53,1
DA:54,1
DA:56,1
DA:57,1
DA:58,1
DA:60,1
DA:67,1
DA:69,1
DA:70,1
DA:71,2
DA:84,1
DA:86,2
DA:87,1
LF:30
LH:28
end_of_record
