SF:lib\src\presentation\bloc\movie_detail\movie_detail_state.dart
DA:7,1
DA:8,1
DA:12,1
DA:13,1
DA:19,1
DA:21,1
DA:22,2
DA:28,2
DA:30,1
DA:31,2
LF:10
LH:10
end_of_record
SF:lib\src\presentation\bloc\movie_detail\movie_detail_event.dart
DA:9,2
DA:11,1
DA:12,2
LF:3
LH:3
end_of_record
SF:lib\src\presentation\bloc\movie_detail\movie_detail_bloc.dart
DA:14,3
DA:15,2
DA:18,1
DA:22,1
DA:24,2
DA:26,3
DA:28,1
DA:29,1
DA:30,3
DA:32,1
DA:33,2
LF:11
LH:11
end_of_record
SF:lib\src\presentation\bloc\movie_recommendations\movie_recommendations_bloc.dart
DA:15,1
DA:16,2
DA:17,2
DA:20,1
DA:24,1
DA:25,2
DA:27,3
DA:29,1
DA:30,1
DA:31,3
DA:33,1
DA:34,1
DA:35,2
DA:36,2
LF:14
LH:14
end_of_record
SF:lib\src\presentation\bloc\movie_recommendations\movie_recommendations_state.dart
DA:7,1
DA:8,1
DA:12,1
DA:13,1
DA:19,1
DA:21,1
DA:22,2
DA:28,2
DA:30,1
DA:31,2
LF:10
LH:10
end_of_record
SF:lib\src\presentation\bloc\movie_recommendations\movie_recommendations_event.dart
DA:9,2
DA:11,1
DA:12,2
LF:3
LH:3
end_of_record
SF:lib\src\presentation\bloc\now_playing_movies\now_playing_movies_state.dart
DA:7,1
DA:8,1
DA:12,1
DA:13,1
DA:19,2
DA:21,1
DA:22,2
DA:28,2
DA:30,1
DA:31,2
LF:10
LH:10
end_of_record
SF:lib\src\presentation\bloc\now_playing_movies\now_playing_movies_event.dart
DA:7,1
DA:8,1
LF:2
LH:2
end_of_record
SF:lib\src\presentation\bloc\now_playing_movies\now_playing_movies_bloc.dart
DA:15,1
DA:17,2
DA:18,2
DA:21,1
DA:23,2
DA:25,3
DA:27,1
DA:28,1
DA:29,3
DA:31,1
DA:32,1
DA:33,2
DA:34,2
LF:13
LH:13
end_of_record
SF:lib\src\presentation\bloc\popular_movies\popular_movies_state.dart
DA:7,1
DA:8,1
DA:12,1
DA:13,1
DA:19,3
DA:21,1
DA:22,2
DA:28,3
DA:30,1
DA:31,2
LF:10
LH:10
end_of_record
SF:lib\src\presentation\bloc\popular_movies\popular_movies_bloc.dart
DA:14,3
DA:15,2
DA:18,1
DA:22,2
DA:24,3
DA:26,1
DA:27,1
DA:28,3
DA:30,1
DA:31,1
DA:32,2
DA:33,2
LF:12
LH:12
end_of_record
SF:lib\src\presentation\bloc\popular_movies\popular_movies_event.dart
DA:7,1
DA:8,1
LF:2
LH:2
end_of_record
SF:lib\src\presentation\bloc\top_rated_movies\top_rated_movies_bloc.dart
DA:15,3
DA:16,2
DA:19,1
DA:23,2
DA:25,3
DA:27,1
DA:28,1
DA:29,3
DA:31,1
DA:32,1
DA:33,2
DA:34,2
LF:12
LH:12
end_of_record
SF:lib\src\presentation\bloc\top_rated_movies\top_rated_movies_event.dart
DA:7,1
DA:8,1
LF:2
LH:2
end_of_record
SF:lib\src\presentation\bloc\top_rated_movies\top_rated_movies_state.dart
DA:7,1
DA:8,1
DA:12,1
DA:13,1
DA:19,3
DA:21,1
DA:22,2
DA:28,3
DA:30,1
DA:31,2
LF:10
LH:10
end_of_record
SF:lib\src\presentation\bloc\watchlist_movies\watchlist_movies_state.dart
DA:7,1
DA:8,1
DA:12,1
DA:13,1
DA:17,1
DA:18,1
DA:24,1
DA:26,1
DA:27,2
DA:33,3
DA:35,1
DA:36,2
DA:42,2
DA:44,1
DA:45,2
DA:51,1
DA:53,1
DA:54,2
LF:18
LH:18
end_of_record
SF:lib\src\presentation\bloc\watchlist_movies\watchlist_movies_bloc.dart
DA:25,1
DA:30,2
DA:31,2
DA:32,2
DA:33,2
DA:34,2
DA:37,1
DA:41,2
DA:43,3
DA:45,1
DA:46,1
DA:47,3
DA:49,1
DA:50,1
DA:51,2
DA:52,2
DA:57,1
DA:61,1
DA:63,3
DA:65,2
DA:68,1
DA:72,1
DA:74,3
DA:76,1
DA:77,1
DA:78,3
DA:80,1
DA:81,2
DA:86,1
DA:90,1
DA:92,3
DA:94,1
DA:95,1
DA:96,3
DA:98,1
DA:99,2
LF:36
LH:36
end_of_record
SF:lib\src\presentation\bloc\watchlist_movies\watchlist_movies_event.dart
DA:7,1
DA:8,1
DA:14,2
DA:16,1
DA:17,2
DA:23,1
DA:25,1
DA:26,2
DA:32,1
DA:34,1
DA:35,2
LF:11
LH:11
end_of_record
SF:lib\src\presentation\pages\home_movie_page.dart
DA:22,1
DA:24,1
DA:25,1
DA:29,1
DA:31,1
DA:32,2
DA:33,4
DA:34,4
DA:35,4
DA:39,1
DA:41,1
DA:43,1
DA:44,1
DA:46,1
DA:47,1
DA:49,1
DA:51,1
DA:52,1
DA:53,1
DA:57,1
DA:58,1
DA:59,1
DA:63,1
DA:69,0
DA:74,1
DA:77,0
DA:78,0
DA:80,1
DA:81,1
DA:82,1
DA:86,1
DA:87,1
DA:88,1
DA:92,1
DA:98,0
DA:103,1
DA:106,0
DA:107,0
DA:109,1
DA:110,1
DA:111,1
DA:115,1
DA:116,1
DA:117,1
DA:121,1
DA:127,0
DA:142,1
DA:143,1
DA:145,1
DA:147,1
DA:149,1
DA:151,1
DA:152,2
DA:153,1
DA:154,3
DA:160,2
LF:56
LH:49
end_of_record
SF:lib\src\presentation\pages\movie_detail_page.dart
DA:25,1
DA:29,1
DA:30,1
DA:34,1
DA:36,1
DA:37,2
DA:38,6
DA:39,1
DA:40,1
DA:41,4
DA:42,6
DA:46,1
DA:49,2
DA:50,2
DA:51,2
DA:56,1
DA:57,1
DA:58,1
DA:60,1
DA:61,1
DA:65,1
DA:66,1
DA:67,1
DA:88,1
DA:90,1
DA:92,1
DA:93,1
DA:97,1
DA:99,1
DA:100,4
DA:101,1
DA:102,1
DA:103,3
DA:104,1
DA:106,1
DA:107,0
DA:108,0
DA:110,0
DA:111,0
DA:114,0
DA:115,0
DA:118,0
DA:121,0
DA:122,0
DA:123,0
DA:127,0
DA:132,0
DA:133,0
DA:134,0
DA:135,0
DA:137,0
DA:139,0
DA:140,0
DA:141,0
DA:146,0
DA:147,0
DA:150,1
DA:152,1
DA:153,2
DA:162,1
DA:163,4
DA:165,1
DA:166,4
DA:168,1
DA:169,1
DA:170,1
DA:171,4
DA:173,1
DA:179,5
DA:183,1
DA:185,1
DA:187,1
DA:188,7
DA:191,1
DA:193,1
DA:195,1
DA:197,1
DA:198,1
DA:202,1
DA:203,1
DA:205,1
DA:208,1
DA:210,1
DA:211,1
DA:212,1
DA:214,1
DA:215,0
DA:216,0
DA:219,0
DA:222,1
DA:226,1
DA:227,2
DA:228,1
DA:235,0
DA:242,1
DA:245,0
LF:96
LH:70
end_of_record
SF:lib\src\presentation\pages\popular_movies_page.dart
DA:9,1
DA:11,1
DA:12,1
DA:16,1
DA:18,1
DA:19,2
DA:20,0
DA:23,1
DA:25,1
DA:26,1
DA:29,1
DA:31,1
DA:33,1
DA:34,1
DA:38,1
DA:39,1
DA:40,1
DA:41,1
DA:42,1
DA:44,1
DA:51,1
DA:54,1
DA:56,2
LF:23
LH:22
end_of_record
SF:lib\src\presentation\pages\top_rated_movies_page.dart
DA:9,1
DA:11,1
DA:12,1
DA:16,1
DA:18,1
DA:19,2
DA:20,2
DA:21,2
DA:24,1
DA:26,1
DA:27,1
DA:30,1
DA:32,1
DA:34,1
DA:35,1
DA:39,1
DA:40,1
DA:41,1
DA:42,1
DA:43,1
DA:45,1
DA:52,1
DA:55,1
DA:57,2
LF:24
LH:24
end_of_record
SF:lib\src\presentation\pages\watchlist_movies_page.dart
DA:14,1
DA:16,1
DA:17,1
DA:22,1
DA:24,1
DA:25,2
DA:26,4
DA:30,1
DA:32,1
DA:33,4
DA:36,0
DA:38,0
DA:41,1
DA:43,1
DA:45,1
DA:46,1
DA:47,1
DA:51,1
DA:52,1
DA:53,1
DA:54,1
DA:55,1
DA:57,1
DA:64,1
DA:66,1
DA:67,1
DA:68,2
DA:81,1
DA:83,2
DA:84,1
LF:30
LH:28
end_of_record
