SF:lib\presentation\bloc\search\search_tv_shows_state.dart
DA:7,1
DA:8,1
DA:12,1
DA:13,1
DA:17,1
DA:18,1
DA:24,2
DA:26,1
DA:27,2
DA:33,2
DA:35,1
DA:36,2
LF:12
LH:12
end_of_record
SF:lib\presentation\bloc\search\search_tv_shows_event.dart
DA:9,1
DA:11,1
DA:12,2
LF:3
LH:3
end_of_record
SF:lib\presentation\bloc\search\search_tv_shows_bloc.dart
DA:15,3
DA:16,2
DA:19,1
DA:21,1
DA:22,2
DA:24,3
DA:26,1
DA:27,1
DA:28,3
DA:30,1
DA:31,1
DA:32,2
DA:33,2
DA:38,1
DA:40,2
LF:15
LH:15
end_of_record
SF:lib\presentation\bloc\search\search_movies_state.dart
DA:7,1
DA:8,1
DA:12,1
DA:13,1
DA:17,1
DA:18,1
DA:24,2
DA:26,1
DA:27,2
DA:33,2
DA:35,1
DA:36,2
LF:12
LH:12
end_of_record
SF:lib\presentation\bloc\search\search_movies_event.dart
DA:9,1
DA:11,1
DA:12,2
LF:3
LH:3
end_of_record
SF:lib\presentation\bloc\search\search_movies_bloc.dart
DA:15,3
DA:16,2
DA:19,1
DA:21,1
DA:22,2
DA:24,3
DA:26,1
DA:27,1
DA:28,3
DA:30,1
DA:31,1
DA:32,2
DA:33,2
DA:38,1
DA:40,2
LF:15
LH:15
end_of_record
SF:lib\presentation\pages\search_page.dart
DA:13,1
DA:16,1
DA:21,1
DA:23,3
DA:25,1
DA:26,1
DA:27,3
DA:29,1
DA:31,1
DA:33,1
DA:34,1
DA:35,0
DA:36,0
DA:38,0
DA:39,0
DA:42,0
DA:43,0
DA:45,1
DA:47,1
DA:48,1
DA:52,1
DA:53,1
DA:55,1
DA:57,1
DA:64,1
DA:65,2
DA:66,1
DA:68,1
DA:69,1
DA:70,1
DA:71,1
DA:72,1
DA:73,1
DA:76,1
DA:77,1
DA:78,1
DA:79,1
DA:80,2
DA:81,1
DA:82,1
DA:84,0
DA:89,1
DA:91,1
DA:92,1
DA:93,1
DA:94,1
DA:95,1
DA:96,1
DA:99,1
DA:100,1
DA:101,1
DA:102,1
DA:103,2
DA:104,1
DA:105,1
DA:107,0
DA:114,1
DA:115,2
DA:117,1
DA:118,1
DA:120,1
DA:121,1
DA:122,1
DA:124,1
DA:129,1
DA:134,1
DA:135,2
DA:137,1
DA:138,1
DA:140,1
DA:141,1
DA:142,1
DA:144,1
DA:149,1
DA:154,2
DA:156,1
DA:157,1
DA:158,1
DA:159,2
DA:160,1
LF:80
LH:72
end_of_record
