SF:lib\common\formatting_utils.dart
DA:3,3
DA:5,6
DA:6,9
DA:9,3
DA:13,9
DA:16,1
DA:17,4
DA:19,2
DA:20,2
DA:21,2
DA:23,2
DA:24,2
DA:26,1
LF:13
LH:13
end_of_record
SF:lib\domain\entities\genre.dart
DA:4,17
DA:12,3
DA:13,9
LF:3
LH:3
end_of_record
SF:lib\common\constants.dart
DA:29,4
DA:30,2
DA:31,24
DA:33,0
DA:35,6
DA:39,0
LF:6
LH:4
end_of_record
SF:lib\common\failure.dart
DA:6,13
DA:8,2
DA:9,4
DA:13,22
DA:17,4
DA:21,12
LF:6
LH:6
end_of_record
SF:lib\common\state_enum.dart
DA:1,56
LF:1
LH:1
end_of_record
SF:lib\data\models\genre_model.dart
DA:5,13
DA:13,6
DA:14,3
DA:15,3
DA:18,2
DA:19,1
DA:20,1
DA:23,11
DA:24,33
DA:27,3
DA:28,9
LF:11
LH:11
end_of_record
SF:lib\data\models\movie_table.dart
DA:11,3
DA:18,2
DA:19,1
DA:20,1
DA:21,1
DA:22,1
DA:25,2
DA:26,1
DA:27,1
DA:28,1
DA:29,1
DA:32,2
DA:33,1
DA:34,1
DA:35,1
DA:36,1
DA:39,2
DA:40,1
DA:41,1
DA:42,1
DA:43,1
DA:46,2
DA:47,10
LF:23
LH:23
end_of_record
SF:lib\domain\entities\movie.dart
DA:4,11
DA:20,2
DA:41,2
DA:42,2
DA:43,2
DA:44,2
DA:45,2
DA:46,2
DA:47,2
DA:48,2
DA:49,2
DA:50,2
DA:51,2
DA:52,2
DA:53,2
DA:54,2
DA:55,2
LF:17
LH:17
end_of_record
SF:lib\domain\entities\movie_detail.dart
DA:5,7
DA:33,2
DA:34,2
DA:35,2
DA:36,2
DA:37,2
DA:38,2
DA:39,2
DA:40,2
DA:41,2
DA:42,2
DA:43,2
DA:44,2
DA:45,2
LF:14
LH:14
end_of_record
SF:lib\data\models\season_model.dart
DA:5,11
DA:22,4
DA:23,2
DA:24,2
DA:25,2
DA:26,2
DA:27,2
DA:28,2
DA:29,2
DA:32,2
DA:33,1
DA:34,1
DA:35,1
DA:36,1
DA:37,1
DA:38,1
DA:39,1
DA:42,20
DA:43,10
DA:44,10
DA:45,10
DA:46,10
DA:49,2
DA:50,2
DA:51,2
DA:52,2
DA:53,2
DA:54,2
DA:55,2
DA:56,2
DA:57,2
LF:31
LH:31
end_of_record
SF:lib\domain\entities\season.dart
DA:4,10
DA:16,2
DA:17,10
LF:3
LH:3
end_of_record
SF:lib\data\models\tv_show_detail_model.dart
DA:7,11
DA:51,2
DA:52,2
DA:53,2
DA:54,8
DA:55,2
DA:56,2
DA:57,6
DA:58,2
DA:59,2
DA:60,2
DA:61,2
DA:62,2
DA:63,2
DA:64,2
DA:65,2
DA:66,4
DA:67,2
DA:68,2
DA:69,6
DA:70,2
DA:71,2
DA:72,2
DA:73,4
DA:74,2
DA:77,2
DA:78,1
DA:79,1
DA:80,1
DA:81,3
DA:82,1
DA:83,1
DA:84,1
DA:85,1
DA:86,1
DA:87,1
DA:88,1
DA:89,1
DA:90,1
DA:91,1
DA:92,3
DA:93,1
DA:94,1
DA:95,1
DA:96,1
DA:97,1
DA:100,20
DA:101,10
DA:102,10
DA:103,10
DA:104,48
DA:105,10
DA:106,10
DA:107,10
DA:108,10
DA:109,10
DA:110,10
DA:111,48
DA:112,10
DA:113,10
DA:116,2
DA:117,2
DA:118,2
DA:119,2
DA:120,2
DA:121,2
DA:122,2
DA:123,2
DA:124,2
DA:125,2
DA:126,2
DA:127,2
DA:128,2
DA:129,2
DA:130,2
DA:131,2
DA:132,2
DA:133,2
DA:134,2
DA:135,2
DA:136,2
DA:137,2
LF:82
LH:82
end_of_record
SF:lib\domain\entities\tv_show_detail.dart
DA:6,10
DA:36,2
DA:37,2
DA:38,2
DA:39,2
DA:40,2
DA:41,2
DA:42,2
DA:43,2
DA:44,2
DA:45,2
DA:46,2
DA:47,2
DA:48,2
DA:49,2
DA:50,2
LF:16
LH:16
end_of_record
SF:lib\data\models\tv_show_model.dart
DA:5,13
DA:34,4
DA:35,2
DA:36,2
DA:37,8
DA:38,2
DA:39,2
DA:40,8
DA:41,2
DA:42,2
DA:43,2
DA:44,4
DA:45,2
DA:46,4
DA:47,2
DA:50,2
DA:51,1
DA:52,1
DA:53,1
DA:54,1
DA:55,1
DA:56,1
DA:57,1
DA:58,1
DA:59,1
DA:60,1
DA:61,1
DA:62,1
DA:63,1
DA:66,22
DA:67,11
DA:68,11
DA:69,11
DA:70,11
DA:71,11
DA:72,11
DA:73,11
DA:74,11
DA:75,11
DA:76,11
DA:77,11
DA:78,11
DA:79,11
DA:82,2
DA:83,2
DA:84,2
DA:85,2
DA:86,2
DA:87,2
DA:88,2
DA:89,2
DA:90,2
DA:91,2
DA:92,2
DA:93,2
DA:94,2
DA:95,2
DA:96,2
LF:58
LH:58
end_of_record
SF:lib\domain\entities\tv_show.dart
DA:4,11
DA:20,2
DA:41,2
DA:42,2
DA:43,2
DA:44,2
DA:45,2
DA:46,2
DA:47,2
DA:48,2
DA:49,2
DA:50,2
DA:51,2
DA:52,2
DA:53,2
DA:54,2
DA:55,2
LF:17
LH:17
end_of_record
SF:lib\data\models\tv_show_response.dart
DA:7,2
DA:9,4
DA:10,4
DA:11,6
DA:12,6
DA:15,2
DA:16,5
DA:19,1
DA:20,2
LF:9
LH:9
end_of_record
SF:lib\data\models\tv_show_table.dart
DA:6,4
DA:18,8
DA:19,4
DA:20,4
DA:21,4
DA:22,4
DA:25,2
DA:26,1
DA:27,1
DA:28,1
DA:29,1
DA:32,4
DA:33,2
DA:34,2
DA:35,2
DA:36,2
DA:39,4
DA:40,2
DA:41,2
DA:42,2
DA:43,2
DA:46,2
DA:47,2
DA:48,2
DA:49,2
DA:50,2
DA:51,2
LF:27
LH:27
end_of_record
SF:lib\domain\usecases\movie\get_movie_detail.dart
DA:9,1
DA:11,1
DA:12,2
LF:3
LH:3
end_of_record
SF:lib\domain\usecases\movie\get_movie_recommendations.dart
DA:9,1
DA:11,1
DA:12,2
LF:3
LH:3
end_of_record
SF:lib\domain\usecases\movie\get_watchlist_status_movie.dart
DA:6,1
DA:8,1
DA:9,2
LF:3
LH:3
end_of_record
SF:lib\domain\usecases\movie\remove_watchlist.dart
DA:9,1
DA:11,1
DA:12,2
LF:3
LH:3
end_of_record
SF:lib\domain\usecases\movie\save_watchlist.dart
DA:9,1
DA:11,1
DA:12,2
LF:3
LH:3
end_of_record
SF:lib\presentation\pages\movie_detail_page.dart
DA:16,1
DA:20,1
DA:21,1
DA:25,1
DA:27,1
DA:28,2
DA:29,2
DA:30,3
DA:31,2
DA:32,3
DA:36,1
DA:38,1
DA:39,1
DA:40,1
DA:41,1
DA:42,2
DA:43,0
DA:44,0
DA:46,2
DA:47,1
DA:48,1
DA:50,0
DA:51,0
DA:65,1
DA:67,1
DA:69,1
DA:70,3
DA:71,1
DA:72,1
DA:73,2
DA:74,1
DA:76,1
DA:77,1
DA:78,2
DA:79,4
DA:81,0
DA:84,2
DA:86,1
DA:87,1
DA:88,1
DA:89,3
DA:91,1
DA:93,1
DA:94,1
DA:95,1
DA:100,1
DA:102,1
DA:103,4
DA:104,1
DA:105,1
DA:106,1
DA:110,1
DA:111,3
DA:113,1
DA:114,3
DA:116,1
DA:117,1
DA:118,1
DA:119,3
DA:121,2
DA:127,4
DA:130,1
DA:131,1
DA:133,1
DA:135,1
DA:136,5
DA:138,1
DA:139,1
DA:141,1
DA:143,3
DA:144,0
DA:145,0
DA:147,0
DA:149,0
DA:150,0
DA:151,0
DA:153,0
DA:154,0
DA:155,0
DA:158,0
DA:161,0
DA:162,0
DA:163,0
DA:165,0
DA:167,0
DA:168,0
DA:169,0
DA:171,0
DA:172,0
DA:175,0
DA:176,0
DA:182,0
DA:185,1
DA:186,1
LF:94
LH:67
end_of_record
SF:lib\presentation\provider\movie_detail_notifier.dart
DA:19,1
DA:28,2
DA:31,2
DA:34,2
DA:37,2
DA:40,2
DA:43,2
DA:45,1
DA:46,1
DA:47,1
DA:48,3
DA:49,3
DA:50,1
DA:51,1
DA:52,1
DA:53,2
DA:54,1
DA:56,1
DA:57,1
DA:58,1
DA:59,1
DA:60,1
DA:61,1
DA:62,1
DA:63,2
DA:65,1
DA:66,1
DA:67,1
DA:70,1
DA:71,1
DA:77,2
DA:79,1
DA:80,3
DA:82,2
DA:83,1
DA:84,2
DA:86,1
DA:87,1
DA:91,3
DA:94,1
DA:95,3
DA:97,2
DA:98,0
DA:99,0
DA:101,1
DA:102,1
DA:106,3
DA:109,1
DA:110,3
DA:111,1
DA:112,1
LF:51
LH:49
end_of_record
SF:lib\presentation\widgets\scrollable_sheet_container.dart
DA:6,2
DA:10,2
DA:15,2
DA:17,6
DA:19,2
DA:20,2
DA:21,2
DA:22,2
DA:24,4
DA:25,2
DA:27,0
DA:29,2
DA:31,2
DA:32,2
DA:33,2
DA:34,2
DA:36,4
DA:43,2
DA:44,2
DA:45,2
DA:47,2
DA:53,2
DA:55,2
DA:57,2
DA:59,2
DA:72,2
DA:74,2
DA:77,2
DA:78,2
DA:79,0
DA:80,0
LF:31
LH:28
end_of_record
SF:lib\data\datasources\db\database_helper.dart
DA:9,0
DA:13,0
DA:17,0
DA:19,0
DA:27,0
DA:28,0
DA:29,0
DA:31,0
DA:35,0
DA:36,0
DA:43,0
DA:45,0
DA:52,0
DA:55,0
DA:56,0
DA:57,0
DA:60,0
DA:61,0
DA:62,0
DA:65,0
DA:66,0
DA:67,0
DA:70,0
DA:74,0
DA:75,0
DA:76,0
DA:79,0
DA:83,0
DA:84,0
DA:85,0
DA:88,0
DA:91,0
DA:92,0
DA:98,0
DA:99,0
DA:100,0
DA:103,0
DA:106,0
DA:107,0
DA:113,0
DA:114,0
DA:116,0
DA:121,0
DA:122,0
DA:124,0
LF:45
LH:0
end_of_record
SF:lib\data\datasources\movie_local_data_source.dart
DA:16,1
DA:19,1
DA:21,3
DA:24,2
DA:29,1
DA:31,3
DA:34,2
DA:39,1
DA:40,3
DA:42,1
DA:49,1
DA:50,3
DA:51,4
LF:13
LH:13
end_of_record
SF:lib\data\datasources\movie_remote_data_source.dart
DA:22,1
DA:25,1
DA:27,5
DA:29,2
DA:30,4
DA:32,1
DA:37,1
DA:39,5
DA:41,2
DA:42,3
DA:44,1
DA:49,1
DA:50,2
DA:51,3
DA:53,2
DA:54,4
DA:56,1
DA:61,1
DA:63,5
DA:65,2
DA:66,4
DA:68,1
DA:73,1
DA:75,5
DA:77,2
DA:78,4
DA:80,1
DA:85,1
DA:86,2
DA:87,3
DA:89,2
DA:90,4
DA:92,1
LF:33
LH:33
end_of_record
SF:lib\data\datasources\tv_show_local_data_source.dart
DA:16,1
DA:19,1
DA:20,3
DA:22,1
DA:28,1
DA:29,3
DA:30,4
DA:34,1
DA:36,3
DA:39,2
DA:44,1
DA:46,3
DA:49,2
LF:13
LH:13
end_of_record
SF:lib\data\datasources\tv_show_remote_data_source.dart
DA:22,1
DA:25,1
DA:27,5
DA:29,2
DA:30,4
DA:32,1
DA:37,1
DA:39,5
DA:41,2
DA:42,4
DA:44,1
DA:49,1
DA:50,5
DA:52,2
DA:53,3
DA:55,1
DA:60,1
DA:61,2
DA:62,3
DA:64,2
DA:65,4
DA:67,1
DA:72,1
DA:74,5
DA:76,2
DA:77,4
DA:79,1
DA:84,1
DA:85,2
DA:86,3
DA:88,2
DA:89,4
DA:91,1
LF:33
LH:33
end_of_record
SF:lib\data\models\movie_detail_model.dart
DA:6,3
DA:52,2
DA:53,2
DA:54,2
DA:55,2
DA:56,2
DA:57,2
DA:58,6
DA:59,2
DA:60,2
DA:61,2
DA:62,2
DA:63,2
DA:64,2
DA:65,4
DA:66,2
DA:67,2
DA:68,2
DA:69,2
DA:70,2
DA:71,2
DA:72,2
DA:73,2
DA:74,4
DA:75,2
DA:78,2
DA:79,1
DA:80,1
DA:81,1
DA:82,3
DA:83,1
DA:84,1
DA:85,1
DA:86,1
DA:87,1
DA:88,1
DA:89,1
DA:90,1
DA:91,1
DA:92,1
DA:93,1
DA:94,1
DA:95,1
DA:96,1
DA:97,1
DA:98,1
DA:99,1
DA:102,2
DA:103,2
DA:104,2
DA:105,2
DA:106,8
DA:107,2
DA:108,2
DA:109,2
DA:110,2
DA:111,2
DA:112,2
DA:113,2
DA:114,2
DA:115,2
DA:119,2
DA:120,2
DA:121,2
DA:122,2
DA:123,2
DA:124,2
DA:125,2
DA:126,2
DA:127,2
DA:128,2
DA:129,2
DA:130,2
DA:131,2
DA:132,2
DA:133,2
DA:134,2
DA:135,2
DA:136,2
DA:137,2
DA:138,2
DA:139,2
DA:140,2
DA:141,2
LF:84
LH:84
end_of_record
SF:lib\data\models\movie_model.dart
DA:5,4
DA:35,4
DA:36,2
DA:37,2
DA:38,8
DA:39,2
DA:40,2
DA:41,2
DA:42,4
DA:43,2
DA:44,2
DA:45,2
DA:46,2
DA:47,4
DA:48,2
DA:51,2
DA:52,1
DA:53,1
DA:54,4
DA:55,1
DA:56,1
DA:57,1
DA:58,1
DA:59,1
DA:60,1
DA:61,1
DA:62,1
DA:63,1
DA:64,1
DA:67,2
DA:68,2
DA:69,2
DA:70,2
DA:71,2
DA:72,2
DA:73,2
DA:74,2
DA:75,2
DA:76,2
DA:77,2
DA:78,2
DA:79,2
DA:80,2
DA:81,2
DA:85,2
DA:86,2
DA:87,2
DA:88,2
DA:89,2
DA:90,2
DA:91,2
DA:92,2
DA:93,2
DA:94,2
DA:95,2
DA:96,2
DA:97,2
DA:98,2
DA:99,2
LF:59
LH:59
end_of_record
SF:lib\common\exception.dart
DA:6,4
LF:1
LH:1
end_of_record
SF:lib\data\models\movie_response.dart
DA:7,2
DA:9,4
DA:10,4
DA:11,6
DA:12,6
DA:15,2
DA:16,5
DA:19,1
DA:20,2
LF:9
LH:9
end_of_record
SF:lib\data\repositories\movie_repository_impl.dart
DA:17,1
DA:23,1
DA:25,3
DA:26,5
DA:27,1
DA:28,2
DA:29,1
DA:30,2
DA:35,1
DA:37,3
DA:38,2
DA:39,1
DA:40,2
DA:41,1
DA:42,2
DA:47,1
DA:49,3
DA:50,3
DA:51,1
DA:52,2
DA:53,1
DA:54,2
DA:59,1
DA:61,3
DA:62,5
DA:63,1
DA:64,2
DA:65,1
DA:66,2
DA:71,1
DA:73,3
DA:74,5
DA:75,1
DA:76,2
DA:77,1
DA:78,2
DA:83,1
DA:85,3
DA:86,5
DA:87,1
DA:88,2
DA:89,1
DA:90,2
DA:95,1
DA:98,4
DA:99,1
DA:100,1
DA:101,3
DA:108,1
DA:111,4
DA:112,1
DA:113,1
DA:114,3
DA:119,1
DA:120,3
DA:125,1
DA:126,3
DA:127,5
LF:58
LH:58
end_of_record
SF:lib\data\repositories\tv_show_repository_impl.dart
DA:14,1
DA:23,1
DA:25,3
DA:26,5
DA:27,1
DA:28,2
DA:29,1
DA:30,2
DA:35,1
DA:37,3
DA:38,5
DA:39,1
DA:40,2
DA:41,1
DA:42,2
DA:47,1
DA:49,3
DA:50,2
DA:51,1
DA:52,2
DA:53,1
DA:54,2
DA:59,1
DA:61,3
DA:62,5
DA:63,1
DA:64,2
DA:65,1
DA:66,2
DA:71,1
DA:73,3
DA:74,5
DA:75,1
DA:76,2
DA:77,1
DA:78,2
DA:83,1
DA:85,3
DA:86,5
DA:87,1
DA:88,2
DA:89,1
DA:90,2
DA:95,1
DA:96,3
DA:97,5
DA:101,1
DA:102,3
DA:107,1
DA:110,4
DA:111,1
DA:112,1
DA:113,3
DA:118,1
DA:121,4
DA:122,1
DA:123,1
DA:124,3
LF:58
LH:58
end_of_record
SF:lib\domain\usecases\movie\get_now_playing_movies.dart
DA:9,1
DA:11,1
DA:12,2
LF:3
LH:3
end_of_record
SF:lib\domain\usecases\movie\get_popular_movies.dart
DA:9,1
DA:11,1
DA:12,2
LF:3
LH:3
end_of_record
SF:lib\domain\usecases\movie\get_top_rated_movies.dart
DA:9,1
DA:11,1
DA:12,2
LF:3
LH:3
end_of_record
SF:lib\domain\usecases\movie\get_watchlist_movies.dart
DA:9,1
DA:11,1
DA:12,2
LF:3
LH:3
end_of_record
SF:lib\common\drawer_item_enum.dart
DA:1,15
LF:1
LH:1
end_of_record
SF:lib\presentation\pages\popular_movies_page.dart
DA:12,1
DA:13,1
DA:17,1
DA:19,1
DA:20,2
DA:21,2
DA:22,1
DA:25,1
DA:27,1
DA:28,1
DA:29,1
DA:31,1
DA:33,1
DA:34,1
DA:35,2
DA:36,1
DA:37,1
DA:39,2
DA:40,1
DA:41,1
DA:42,2
DA:44,1
DA:50,2
DA:53,1
DA:54,1
DA:55,2
LF:26
LH:26
end_of_record
SF:lib\presentation\provider\popular_movies_notifier.dart
DA:9,1
DA:12,2
DA:15,2
DA:18,2
DA:20,1
DA:21,1
DA:22,1
DA:24,3
DA:26,1
DA:27,1
DA:28,2
DA:29,1
DA:30,1
DA:32,1
DA:33,1
DA:34,1
DA:35,1
LF:17
LH:17
end_of_record
SF:lib\presentation\widgets\content_card_list.dart
DA:14,6
DA:21,6
DA:23,6
DA:25,6
DA:27,6
DA:28,0
DA:29,0
DA:31,0
DA:32,0
DA:35,6
DA:37,6
DA:38,6
DA:39,6
DA:45,6
DA:47,6
DA:48,6
DA:49,6
DA:52,6
DA:54,6
DA:55,6
DA:56,6
DA:64,6
DA:69,6
DA:70,6
DA:71,12
DA:73,12
DA:75,6
DA:76,6
DA:77,6
DA:80,0
DA:82,12
DA:92,0
DA:93,0
DA:94,0
DA:96,6
DA:97,24
DA:99,18
DA:100,6
DA:101,6
DA:103,6
DA:104,24
LF:41
LH:33
end_of_record
SF:lib\presentation\pages\watchlist_movies_page.dart
DA:11,1
DA:12,1
DA:16,1
DA:18,1
DA:19,2
DA:20,2
DA:21,1
DA:24,1
DA:26,1
DA:28,1
DA:29,1
DA:30,2
DA:31,1
DA:32,1
DA:34,2
DA:35,2
DA:36,1
DA:37,2
DA:40,1
DA:41,1
DA:42,2
DA:44,1
DA:50,2
DA:53,0
DA:54,0
DA:55,0
LF:26
LH:23
end_of_record
SF:lib\presentation\provider\watchlist_movie_notifier.dart
DA:8,2
DA:11,2
DA:14,2
DA:16,1
DA:20,1
DA:21,1
DA:22,1
DA:24,3
DA:25,1
DA:26,1
DA:27,1
DA:28,2
DA:29,1
DA:31,1
DA:32,1
DA:33,1
DA:34,1
LF:17
LH:17
end_of_record
SF:lib\domain\usecases\movie\search_movies.dart
DA:9,1
DA:11,1
DA:12,2
LF:3
LH:3
end_of_record
SF:lib\domain\usecases\tv_show\get_popular_tv_shows.dart
DA:9,1
DA:11,1
DA:12,2
LF:3
LH:3
end_of_record
SF:lib\domain\usecases\tv_show\get_now_playing_tv_shows.dart
DA:9,1
DA:11,1
DA:12,2
LF:3
LH:3
end_of_record
SF:lib\domain\usecases\tv_show\get_top_rated_tv_shows.dart
DA:9,1
DA:11,1
DA:12,2
LF:3
LH:3
end_of_record
SF:lib\domain\usecases\tv_show\get_tv_show_detail.dart
DA:9,1
DA:11,1
DA:12,2
LF:3
LH:3
end_of_record
SF:lib\domain\usecases\tv_show\get_tv_show_recommendations.dart
DA:9,1
DA:11,1
DA:12,2
LF:3
LH:3
end_of_record
SF:lib\domain\usecases\tv_show\get_watchlist_status_tv_show.dart
DA:6,1
DA:8,1
DA:9,2
LF:3
LH:3
end_of_record
SF:lib\domain\usecases\tv_show\get_watchlist_tv_shows.dart
DA:9,1
DA:11,1
DA:12,2
LF:3
LH:3
end_of_record
SF:lib\domain\usecases\tv_show\remove_watchlist.dart
DA:9,1
DA:11,1
DA:12,2
LF:3
LH:3
end_of_record
SF:lib\domain\usecases\tv_show\save_watchlist.dart
DA:9,1
DA:11,1
DA:12,2
LF:3
LH:3
end_of_record
SF:lib\domain\usecases\tv_show\search_tv_shows.dart
DA:9,1
DA:11,1
DA:12,2
LF:3
LH:3
end_of_record
SF:lib\presentation\pages\about_page.dart
DA:7,1
DA:9,1
DA:10,1
DA:11,1
DA:12,1
DA:13,1
DA:14,1
DA:15,1
DA:17,1
DA:18,1
DA:25,1
DA:26,1
DA:29,1
DA:31,1
DA:38,1
DA:39,1
DA:40,0
DA:41,1
LF:18
LH:17
end_of_record
SF:lib\presentation\pages\top_rated_movies_page.dart
DA:12,1
DA:13,1
DA:17,1
DA:19,1
DA:20,2
DA:21,2
DA:22,1
DA:25,1
DA:27,1
DA:28,1
DA:29,1
DA:31,1
DA:33,1
DA:34,1
DA:35,2
DA:36,1
DA:37,1
DA:39,2
DA:40,1
DA:41,1
DA:42,2
DA:44,1
DA:50,2
DA:53,1
DA:54,1
DA:55,2
LF:26
LH:26
end_of_record
SF:lib\presentation\provider\top_rated_movies_notifier.dart
DA:9,1
DA:12,2
DA:15,2
DA:18,2
DA:20,1
DA:21,1
DA:22,1
DA:24,3
DA:26,1
DA:27,1
DA:28,2
DA:29,1
DA:30,1
DA:32,1
DA:33,1
DA:34,1
DA:35,1
LF:17
LH:17
end_of_record
SF:lib\presentation\pages\popular_tv_shows_page.dart
DA:12,1
DA:13,1
DA:17,1
DA:19,1
DA:20,2
DA:21,2
DA:22,1
DA:25,1
DA:27,1
DA:28,1
DA:29,1
DA:31,1
DA:33,1
DA:34,1
DA:35,2
DA:36,1
DA:37,1
DA:39,2
DA:40,1
DA:41,1
DA:42,2
DA:44,1
DA:50,2
DA:53,1
DA:54,1
DA:55,2
LF:26
LH:26
end_of_record
SF:lib\presentation\provider\popular_tv_shows_notifier.dart
DA:9,1
DA:12,2
DA:15,2
DA:18,2
DA:20,1
DA:21,1
DA:22,1
DA:24,3
DA:26,1
DA:27,1
DA:28,2
DA:29,1
DA:30,1
DA:32,1
DA:33,1
DA:34,1
DA:35,1
LF:17
LH:17
end_of_record
SF:lib\presentation\pages\tv_show_detail_page.dart
DA:15,2
DA:19,1
DA:20,1
DA:24,1
DA:26,1
DA:27,2
DA:28,2
DA:29,3
DA:30,2
DA:31,3
DA:35,1
DA:37,1
DA:38,1
DA:39,1
DA:40,1
DA:41,2
DA:42,0
DA:43,0
DA:45,2
DA:46,1
DA:47,1
DA:49,0
DA:62,1
DA:64,1
DA:66,1
DA:67,3
DA:68,1
DA:69,1
DA:70,2
DA:71,1
DA:73,1
DA:74,1
DA:75,2
DA:76,4
DA:78,0
DA:81,2
DA:83,1
DA:84,1
DA:85,1
DA:86,3
DA:88,1
DA:90,1
DA:91,1
DA:92,1
DA:97,1
DA:99,1
DA:100,4
DA:101,1
DA:102,1
DA:103,1
DA:107,1
DA:108,3
DA:110,1
DA:111,3
DA:112,0
DA:115,1
DA:116,1
DA:117,1
DA:118,3
DA:120,2
DA:126,4
DA:129,1
DA:130,1
DA:131,4
DA:133,1
DA:134,4
DA:136,1
DA:137,1
DA:139,1
DA:141,1
DA:142,5
DA:144,1
DA:145,1
DA:147,1
DA:149,3
DA:150,0
DA:151,0
DA:153,0
DA:155,0
DA:156,0
DA:157,0
DA:159,0
DA:160,0
DA:161,0
DA:164,0
DA:167,0
DA:168,0
DA:169,0
DA:171,0
DA:173,0
DA:174,0
DA:175,0
DA:177,0
DA:178,0
DA:181,0
DA:182,0
DA:188,0
DA:191,1
DA:192,1
DA:193,1
DA:195,1
DA:197,3
DA:198,1
DA:200,1
DA:201,1
DA:203,1
DA:204,3
DA:206,1
DA:207,1
DA:208,1
DA:209,1
DA:210,1
DA:212,1
DA:213,1
DA:214,1
DA:215,0
DA:217,0
DA:220,0
DA:221,0
DA:223,0
DA:227,1
DA:229,2
DA:230,2
DA:231,1
DA:233,0
DA:234,0
DA:236,1
DA:237,1
DA:238,1
DA:241,1
DA:244,1
DA:245,2
DA:246,2
DA:254,3
DA:257,0
DA:258,1
LF:136
LH:101
end_of_record
SF:lib\presentation\provider\tv_show_detail_notifier.dart
DA:12,1
DA:27,2
DA:30,2
DA:33,2
DA:36,2
DA:39,2
DA:42,2
DA:44,1
DA:45,1
DA:46,1
DA:48,3
DA:49,3
DA:51,1
DA:52,1
DA:53,1
DA:54,2
DA:55,1
DA:57,1
DA:58,1
DA:59,1
DA:60,1
DA:62,1
DA:63,1
DA:64,1
DA:65,2
DA:67,1
DA:68,1
DA:69,1
DA:72,1
DA:73,1
DA:79,2
DA:81,1
DA:82,3
DA:84,2
DA:85,1
DA:86,2
DA:88,1
DA:89,1
DA:93,3
DA:96,1
DA:97,3
DA:99,2
DA:100,0
DA:101,0
DA:103,1
DA:104,1
DA:108,3
DA:111,1
DA:112,3
DA:113,1
DA:114,1
LF:51
LH:49
end_of_record
SF:lib\presentation\pages\top_rated_tv_shows_page.dart
DA:12,1
DA:13,1
DA:17,1
DA:19,1
DA:20,2
DA:21,2
DA:22,1
DA:25,1
DA:27,1
DA:28,1
DA:29,1
DA:31,1
DA:33,1
DA:34,1
DA:35,2
DA:36,1
DA:37,1
DA:39,2
DA:40,1
DA:41,1
DA:42,2
DA:44,1
DA:50,2
DA:53,1
DA:54,1
DA:55,2
LF:26
LH:26
end_of_record
SF:lib\presentation\provider\top_rated_tv_shows_notifier.dart
DA:9,1
DA:12,2
DA:15,2
DA:18,2
DA:20,1
DA:21,1
DA:22,1
DA:24,3
DA:26,1
DA:27,1
DA:28,2
DA:29,1
DA:30,1
DA:32,1
DA:33,1
DA:34,1
DA:35,1
LF:17
LH:17
end_of_record
SF:lib\presentation\provider\movie_list_notifier.dart
DA:10,2
DA:13,2
DA:16,2
DA:19,2
DA:22,2
DA:25,2
DA:28,2
DA:30,1
DA:40,1
DA:41,1
DA:42,1
DA:44,3
DA:45,1
DA:46,1
DA:47,1
DA:48,2
DA:49,1
DA:51,1
DA:52,1
DA:53,1
DA:54,1
DA:59,1
DA:60,1
DA:61,1
DA:63,3
DA:64,1
DA:65,1
DA:66,1
DA:67,2
DA:68,1
DA:70,1
DA:71,1
DA:72,1
DA:73,1
DA:78,1
DA:79,1
DA:80,1
DA:82,3
DA:83,1
DA:84,1
DA:85,1
DA:86,2
DA:87,1
DA:89,1
DA:90,1
DA:91,1
DA:92,1
LF:47
LH:47
end_of_record
SF:lib\presentation\pages\watchlist_tv_shows_page.dart
DA:11,1
DA:12,1
DA:16,1
DA:18,1
DA:19,2
DA:20,2
DA:21,1
DA:24,1
DA:26,1
DA:28,1
DA:29,1
DA:30,2
DA:31,1
DA:32,1
DA:34,2
DA:35,2
DA:36,1
DA:37,2
DA:40,1
DA:41,1
DA:42,2
DA:44,1
DA:50,2
DA:53,0
DA:54,0
DA:55,0
LF:26
LH:23
end_of_record
SF:lib\presentation\provider\watchlist_tv_show_notifier.dart
DA:8,2
DA:11,2
DA:14,2
DA:16,1
DA:20,1
DA:21,1
DA:22,1
DA:24,3
DA:25,1
DA:26,1
DA:27,1
DA:28,2
DA:29,1
DA:31,1
DA:32,1
DA:33,1
DA:34,1
LF:17
LH:17
end_of_record
SF:lib\presentation\provider\search_notifier.dart
DA:12,1
DA:18,2
DA:21,2
DA:24,2
DA:27,2
DA:29,0
DA:30,0
DA:31,0
DA:32,0
DA:33,0
DA:36,1
DA:37,1
DA:38,1
DA:40,3
DA:41,1
DA:42,1
DA:43,2
DA:44,1
DA:45,1
DA:47,1
DA:48,1
DA:49,1
DA:50,1
DA:55,1
DA:56,1
DA:57,1
DA:59,3
DA:60,1
DA:61,1
DA:62,2
DA:63,1
DA:64,1
DA:66,1
DA:67,1
DA:68,1
DA:69,1
LF:36
LH:31
end_of_record
SF:lib\presentation\provider\tv_show_list_notifier.dart
DA:10,2
DA:13,2
DA:16,2
DA:19,2
DA:22,2
DA:25,2
DA:28,2
DA:30,1
DA:40,1
DA:41,1
DA:42,1
DA:44,3
DA:45,1
DA:46,1
DA:47,1
DA:48,2
DA:49,1
DA:51,1
DA:52,1
DA:53,1
DA:54,1
DA:59,1
DA:60,1
DA:61,1
DA:63,3
DA:64,1
DA:65,1
DA:66,1
DA:67,2
DA:68,1
DA:70,1
DA:71,1
DA:72,1
DA:73,1
DA:78,1
DA:79,1
DA:80,1
DA:82,3
DA:83,1
DA:84,1
DA:85,1
DA:86,2
DA:87,1
DA:89,1
DA:90,1
DA:91,1
DA:92,1
LF:47
LH:47
end_of_record
